<?xml version="1.0" encoding="UTF-8"?>
<!-- Generated by org.testng.reporters.JUnitReportReporter -->
<testsuite name="test.Finallist" tests="2" time="1786.723" ignored="0" failures="0" timestamp="08 Jan 2017 12:07:28 GMT" skipped="0" hostname="INDHYDELP016" errors="0">
  <testcase name="groupscheck" time="1768.692" classname="test.Finallist"/>
  <testcase name="Login" time="18.031" classname="test.Finallist"/>
</testsuite> <!-- test.Finallist -->
