<?xml version="1.0" encoding="UTF-8"?>
<!-- Generated by org.testng.reporters.JUnitReportReporter -->
<testsuite name="test.Fb_printlinks" tests="2" time="69.653" ignored="0" failures="0" timestamp="08 Jan 2017 07:53:08 GMT" skipped="0" hostname="INDHYDELP016" errors="0">
  <testcase name="Exceloutput" time="0.069" classname="test.Fb_printlinks"/>
  <testcase name="grouplinks" time="69.584" classname="test.Fb_printlinks"/>
</testsuite> <!-- test.Fb_printlinks -->
