<?xml version="1.0" encoding="UTF-8"?>
<!-- Generated by org.testng.reporters.JUnitReportReporter -->
<testsuite hostname="INDHYDELP016" name="AP.RunProgram" tests="1" failures="0" timestamp="12 Feb 2017 04:48:16 GMT" time="919.606" errors="0">
  <testcase name="f" time="919.606" classname="AP.RunProgram"/>
</testsuite> <!-- AP.RunProgram -->
